<?xml version="1.0" encoding="UTF-8"?>
<!-- Generated by org.testng.reporters.JUnitXMLReporter -->
<testsuite hostname="DESKTOP-741AMCB" name="Default test" tests="2" failures="1" timestamp="1 Jul 2019 21:47:13 GMT" time="13.296" errors="0">
  <testcase name="LoginPageTitleTest" time="0.089" classname="tests.LoginPageTest">
    <failure type="org.openqa.selenium.WebDriverException" message="An unknown server-side error occurred while processing the command. Original error: Could not proxy. Proxy error: Could not proxy command to remote server. Original error: 404 - &amp;quot;&amp;quot; (WARNING: The server did not provide any stacktrace information)
Command duration or timeout: 0 milliseconds
Build info: version: &amp;apos;3.141.59&amp;apos;, revision: &amp;apos;e82be7d358&amp;apos;, time: &amp;apos;2018-11-14T08:17:03&amp;apos;
System info: host: &amp;apos;DESKTOP-741AMCB&amp;apos;, ip: &amp;apos;172.17.130.125&amp;apos;, os.name: &amp;apos;Windows 10&amp;apos;, os.arch: &amp;apos;amd64&amp;apos;, os.version: &amp;apos;10.0&amp;apos;, java.version: &amp;apos;1.8.0_211&amp;apos;
Driver info: io.appium.java_client.android.AndroidDriver
Capabilities {appActivity: com.verizon.launcher.webvie..., appPackage: com.verizon.launcher.sdnasit, automationName: uiautomator2, databaseEnabled: false, desired: {appActivity: com.verizon.launcher.webvie..., appPackage: com.verizon.launcher.sdnasit, automationName: uiautomator2, deviceName: Galaxy Tab S3, noReset: true, platformName: Android, platformVersion: 8.0.0, udid: 624258263526a1e8}, deviceApiLevel: 26, deviceManufacturer: samsung, deviceModel: SM-T820, deviceName: 624258263526a1e8, deviceScreenDensity: 320, deviceScreenSize: 1536x2048, deviceUDID: 624258263526a1e8, javascriptEnabled: true, locationContextEnabled: false, networkConnectionEnabled: true, noReset: true, pixelRatio: 2, platform: LINUX, platformName: Android, platformVersion: 8.0.0, statBarHeight: 48, takesScreenshot: true, udid: 624258263526a1e8, viewportRect: {height: 2000, left: 0, top: 48, width: 1536}, warnings: {}, webStorageEnabled: false}
Session ID: 507a23cd-386d-4e06-aa3c-2d7e9d5b2d90">
      <![CDATA[org.openqa.selenium.WebDriverException: An unknown server-side error occurred while processing the command. Original error: Could not proxy. Proxy error: Could not proxy command to remote server. Original error: 404 - "" (WARNING: The server did not provide any stacktrace information)
Command duration or timeout: 0 milliseconds
Build info: version: '3.141.59', revision: 'e82be7d358', time: '2018-11-14T08:17:03'
System info: host: 'DESKTOP-741AMCB', ip: '172.17.130.125', os.name: 'Windows 10', os.arch: 'amd64', os.version: '10.0', java.version: '1.8.0_211'
Driver info: io.appium.java_client.android.AndroidDriver
Capabilities {appActivity: com.verizon.launcher.webvie..., appPackage: com.verizon.launcher.sdnasit, automationName: uiautomator2, databaseEnabled: false, desired: {appActivity: com.verizon.launcher.webvie..., appPackage: com.verizon.launcher.sdnasit, automationName: uiautomator2, deviceName: Galaxy Tab S3, noReset: true, platformName: Android, platformVersion: 8.0.0, udid: 624258263526a1e8}, deviceApiLevel: 26, deviceManufacturer: samsung, deviceModel: SM-T820, deviceName: 624258263526a1e8, deviceScreenDensity: 320, deviceScreenSize: 1536x2048, deviceUDID: 624258263526a1e8, javascriptEnabled: true, locationContextEnabled: false, networkConnectionEnabled: true, noReset: true, pixelRatio: 2, platform: LINUX, platformName: Android, platformVersion: 8.0.0, statBarHeight: 48, takesScreenshot: true, udid: 624258263526a1e8, viewportRect: {height: 2000, left: 0, top: 48, width: 1536}, warnings: {}, webStorageEnabled: false}
Session ID: 507a23cd-386d-4e06-aa3c-2d7e9d5b2d90
	at sun.reflect.NativeConstructorAccessorImpl.newInstance0(Native Method)
	at sun.reflect.NativeConstructorAccessorImpl.newInstance(Unknown Source)
	at sun.reflect.DelegatingConstructorAccessorImpl.newInstance(Unknown Source)
	at java.lang.reflect.Constructor.newInstance(Unknown Source)
	at org.openqa.selenium.remote.ErrorHandler.createThrowable(ErrorHandler.java:214)
	at org.openqa.selenium.remote.ErrorHandler.throwIfResponseFailed(ErrorHandler.java:166)
	at org.openqa.selenium.remote.http.JsonHttpResponseCodec.reconstructValue(JsonHttpResponseCodec.java:40)
	at org.openqa.selenium.remote.http.AbstractHttpResponseCodec.decode(AbstractHttpResponseCodec.java:80)
	at org.openqa.selenium.remote.http.AbstractHttpResponseCodec.decode(AbstractHttpResponseCodec.java:44)
	at org.openqa.selenium.remote.HttpCommandExecutor.execute(HttpCommandExecutor.java:158)
	at io.appium.java_client.remote.AppiumCommandExecutor.execute(AppiumCommandExecutor.java:239)
	at org.openqa.selenium.remote.RemoteWebDriver.execute(RemoteWebDriver.java:552)
	at io.appium.java_client.DefaultGenericMobileDriver.execute(DefaultGenericMobileDriver.java:46)
	at io.appium.java_client.AppiumDriver.execute(AppiumDriver.java:1)
	at io.appium.java_client.android.AndroidDriver.execute(AndroidDriver.java:1)
	at org.openqa.selenium.remote.RemoteWebDriver.getTitle(RemoteWebDriver.java:281)
	at base.BaseClass.getPageTitle(BaseClass.java:66)
	at tests.LoginPageTest.LoginPageTitleTest(LoginPageTest.java:32)
	at sun.reflect.NativeMethodAccessorImpl.invoke0(Native Method)
	at sun.reflect.NativeMethodAccessorImpl.invoke(Unknown Source)
	at sun.reflect.DelegatingMethodAccessorImpl.invoke(Unknown Source)
	at java.lang.reflect.Method.invoke(Unknown Source)
	at org.testng.internal.MethodInvocationHelper.invokeMethod(MethodInvocationHelper.java:80)
	at org.testng.internal.Invoker.invokeMethod(Invoker.java:714)
	at org.testng.internal.Invoker.invokeTestMethod(Invoker.java:901)
	at org.testng.internal.Invoker.invokeTestMethods(Invoker.java:1231)
	at org.testng.internal.TestMethodWorker.invokeTestMethods(TestMethodWorker.java:127)
	at org.testng.internal.TestMethodWorker.run(TestMethodWorker.java:111)
	at org.testng.TestRunner.privateRun(TestRunner.java:767)
	at org.testng.TestRunner.run(TestRunner.java:617)
	at org.testng.SuiteRunner.runTest(SuiteRunner.java:334)
	at org.testng.SuiteRunner.runSequentially(SuiteRunner.java:329)
	at org.testng.SuiteRunner.privateRun(SuiteRunner.java:291)
	at org.testng.SuiteRunner.run(SuiteRunner.java:240)
	at org.testng.SuiteRunnerWorker.runSuite(SuiteRunnerWorker.java:52)
	at org.testng.SuiteRunnerWorker.run(SuiteRunnerWorker.java:86)
	at org.testng.TestNG.runSuitesSequentially(TestNG.java:1198)
	at org.testng.TestNG.runSuitesLocally(TestNG.java:1123)
	at org.testng.TestNG.run(TestNG.java:1031)
	at org.testng.remote.AbstractRemoteTestNG.run(AbstractRemoteTestNG.java:115)
	at org.testng.remote.RemoteTestNG.initAndRun(RemoteTestNG.java:251)
	at org.testng.remote.RemoteTestNG.main(RemoteTestNG.java:77)
]]>
    </failure>
  </testcase> <!-- LoginPageTitleTest -->
  <testcase name="LoginTest" time="0.003" classname="tests.LoginPageTest"/>
</testsuite> <!-- Default test -->
