<?xml version="1.0" encoding="UTF-8"?>
<testsuite xmlns:xsi="http://www.w3.org/2001/XMLSchema-instance" xsi:schemaLocation="https://maven.apache.org/surefire/maven-surefire-plugin/xsd/surefire-test-report.xsd" name="TestSuite" time="23.014" tests="4" errors="0" skipped="2" failures="2">
  <properties>
[...]
</properties>
  <testcase name="LoginTest" classname="com.IVAPP.qa.OffShoreTestCases.LoginPageTest" time="0.53">
    <failure message="org/openqa/selenium/interactions/Coordinates" type="java.lang.NoClassDefFoundError">java.lang.NoClassDefFoundError: org/openqa/selenium/interactions/Coordinates
	at com.IVAPP.qa.OffShoreTestCases.LoginPageTest.LoginTest(LoginPageTest.java:59)
Caused by: java.lang.ClassNotFoundException: org.openqa.selenium.interactions.Coordinates
	at com.IVAPP.qa.OffShoreTestCases.LoginPageTest.LoginTest(LoginPageTest.java:59)
</failure>
    <system-out><![CDATA[10-23-2019 11:44:22 LoginPageTest.java INFO  [main] OffShoreTestCases.LoginPageTest 44 - Launching browser IE
10-23-2019 11:44:22 AllureLifecycle.java ERROR [main] allure.AllureLifecycle 251 - Could not update test fixture: test fixture with uuid ce2953d1-5767-4375-8df4-5a2562780915 not found
10-23-2019 11:44:22 AllureLifecycle.java ERROR [main] allure.AllureLifecycle 269 - Could not stop test fixture: test fixture with uuid ce2953d1-5767-4375-8df4-5a2562780915 not found
10-23-2019 11:44:22 AllureLifecycle.java ERROR [main] allure.AllureLifecycle 148 - Could not stop test container: container with uuid 929a2901-f336-418b-b2df-dd8d2ca2322c not found
10-23-2019 11:44:22 AllureLifecycle.java ERROR [main] allure.AllureLifecycle 165 - Could not write test container: container with uuid 929a2901-f336-418b-b2df-dd8d2ca2322c not found
FAILED TEST
]]></system-out>
    <system-err><![CDATA[Started InternetExplorerDriver server (32-bit)
3.14.0.0
Listening on port 23568
Only local connections are allowed
Oct 23, 2019 11:44:20 AM org.openqa.selenium.remote.ProtocolHandshake createSession
INFO: Detected dialect: W3C
]]></system-err>
  </testcase>
  <testcase name="setup" classname="com.IVAPP.qa.OffShoreTestCases.OrderQueryTest" time="14.795">
    <failure message="org/openqa/selenium/interactions/Coordinates" type="java.lang.NoClassDefFoundError">java.lang.NoClassDefFoundError: org/openqa/selenium/interactions/Coordinates
	at com.IVAPP.qa.OffShoreTestCases.OrderQueryTest.setup(OrderQueryTest.java:45)
Caused by: java.lang.ClassNotFoundException: org.openqa.selenium.interactions.Coordinates
	at com.IVAPP.qa.OffShoreTestCases.OrderQueryTest.setup(OrderQueryTest.java:45)
</failure>
    <system-out><![CDATA[10-23-2019 11:44:23 LoginPageTest.java INFO  [main] OffShoreTestCases.LoginPageTest 78 - ****************************** Browser is closed ******************************
10-23-2019 11:44:23 AllureLifecycle.java ERROR [main] allure.AllureLifecycle 251 - Could not update test fixture: test fixture with uuid 8a0dbd18-c4d5-4ead-8af7-2870ee1885fc not found
10-23-2019 11:44:24 AllureLifecycle.java ERROR [main] allure.AllureLifecycle 269 - Could not stop test fixture: test fixture with uuid 8a0dbd18-c4d5-4ead-8af7-2870ee1885fc not found
10-23-2019 11:44:24 AllureLifecycle.java ERROR [main] allure.AllureLifecycle 148 - Could not stop test container: container with uuid 34b716e6-06d4-4ad3-be25-dc8222272e1d not found
10-23-2019 11:44:24 AllureLifecycle.java ERROR [main] allure.AllureLifecycle 165 - Could not write test container: container with uuid 34b716e6-06d4-4ad3-be25-dc8222272e1d not found
10-23-2019 11:44:37 AllureLifecycle.java ERROR [main] allure.AllureLifecycle 251 - Could not update test fixture: test fixture with uuid 895ccc8d-9779-4a48-bf1c-8f99caaf5fa5 not found
10-23-2019 11:44:37 AllureLifecycle.java ERROR [main] allure.AllureLifecycle 269 - Could not stop test fixture: test fixture with uuid 895ccc8d-9779-4a48-bf1c-8f99caaf5fa5 not found
10-23-2019 11:44:37 AllureLifecycle.java ERROR [main] allure.AllureLifecycle 148 - Could not stop test container: container with uuid 942dad03-fa91-40d5-8ee0-fd20f77cb13d not found
10-23-2019 11:44:37 AllureLifecycle.java ERROR [main] allure.AllureLifecycle 165 - Could not write test container: container with uuid 942dad03-fa91-40d5-8ee0-fd20f77cb13d not found
]]></system-out>
    <system-err><![CDATA[Started InternetExplorerDriver server (32-bit)
3.14.0.0
Listening on port 15774
Only local connections are allowed
Oct 23, 2019 11:44:27 AM org.openqa.selenium.remote.ProtocolHandshake createSession
INFO: Detected dialect: W3C
]]></system-err>
  </testcase>
  <testcase name="OrderQueryOffShoreScreenTest" classname="com.IVAPP.qa.OffShoreTestCases.OrderQueryTest" time="0">
    <skipped/>
  </testcase>
  <testcase name="teardown" classname="com.IVAPP.qa.OffShoreTestCases.OrderQueryTest" time="0">
    <skipped/>
  </testcase>
</testsuite>