<?xml version="1.0" encoding="UTF-8"?>
<testng-results skipped="0" failed="0" total="1" passed="1">
  <reporter-output>
  </reporter-output>
  <suite name="Default suite" duration-ms="93434" started-at="2019-09-24T20:24:03Z" finished-at="2019-09-24T20:25:36Z">
    <groups>
    </groups>
    <test name="Default test" duration-ms="93434" started-at="2019-09-24T20:24:03Z" finished-at="2019-09-24T20:25:36Z">
      <class name="com.CoA.qa.TestCases.JobPageTest">
        <test-method status="PASS" signature="setup()[pri:0, instance:com.CoA.qa.TestCases.JobPageTest@6e1ec318]" name="setup" is-config="true" duration-ms="74609" started-at="2019-09-24T16:24:03Z" finished-at="2019-09-24T16:25:18Z">
          <reporter-output>
          </reporter-output>
        </test-method> <!-- setup -->
        <test-method status="PASS" signature="Equipment()[pri:0, instance:com.CoA.qa.TestCases.JobPageTest@6e1ec318]" name="Equipment" duration-ms="17915" started-at="2019-09-24T16:25:18Z" finished-at="2019-09-24T16:25:35Z">
          <reporter-output>
          </reporter-output>
        </test-method> <!-- Equipment -->
        <test-method status="PASS" signature="teardown()[pri:0, instance:com.CoA.qa.TestCases.JobPageTest@6e1ec318]" name="teardown" is-config="true" duration-ms="898" started-at="2019-09-24T16:25:35Z" finished-at="2019-09-24T16:25:36Z">
          <reporter-output>
          </reporter-output>
        </test-method> <!-- teardown -->
      </class> <!-- com.CoA.qa.TestCases.JobPageTest -->
    </test> <!-- Default test -->
  </suite> <!-- Default suite -->
</testng-results>
