<?xml version="1.0" encoding="UTF-8"?>
<testng-results skipped="0" failed="0" total="1" passed="1">
  <reporter-output>
  </reporter-output>
  <suite name="Default suite" duration-ms="73413" started-at="2019-10-25T20:47:10Z" finished-at="2019-10-25T20:48:23Z">
    <groups>
    </groups>
    <test name="Default test" duration-ms="73413" started-at="2019-10-25T20:47:10Z" finished-at="2019-10-25T20:48:23Z">
      <class name="com.CoA.qa.TestCases.LoginPageTest">
        <test-method status="PASS" signature="setUp()[pri:0, instance:com.CoA.qa.TestCases.LoginPageTest@31500940]" name="setUp" is-config="true" duration-ms="9598" started-at="2019-10-25T16:47:10Z" finished-at="2019-10-25T16:47:20Z">
          <reporter-output>
          </reporter-output>
        </test-method> <!-- setUp -->
        <test-method status="PASS" signature="loginTest()[pri:0, instance:com.CoA.qa.TestCases.LoginPageTest@31500940]" name="loginTest" duration-ms="63096" started-at="2019-10-25T16:47:20Z" description="Login in with valid credetials Test" finished-at="2019-10-25T16:48:23Z">
          <reporter-output>
          </reporter-output>
        </test-method> <!-- loginTest -->
        <test-method status="PASS" signature="tearDown()[pri:0, instance:com.CoA.qa.TestCases.LoginPageTest@31500940]" name="tearDown" is-config="true" duration-ms="670" started-at="2019-10-25T16:48:23Z" finished-at="2019-10-25T16:48:23Z">
          <reporter-output>
          </reporter-output>
        </test-method> <!-- tearDown -->
      </class> <!-- com.CoA.qa.TestCases.LoginPageTest -->
    </test> <!-- Default test -->
  </suite> <!-- Default suite -->
</testng-results>
